<?xml version="1.0" encoding="UTF-8"?>
<!-- Generated by org.testng.reporters.JUnitXMLReporter -->
<testsuite ignored="0" hostname="Jeevan_Ramaiah" failures="1" tests="3" name="Surefire test" time="17.856" errors="0" timestamp="2025-02-28T18:19:03 IST">
  <testcase classname="io.cucumber.testng.AbstractTestNGCucumberTests" name="runScenario" time="11.658">
    <failure type="java.lang.AssertionError" message="expected [No data] but found [Beetroot]">
      <![CDATA[java.lang.AssertionError: expected [No data] but found [Beetroot]
at StepDefinitions.dealsPage.Validate_productname_in_offers_page_matches_with_Home_page(dealsPage.java:46)
at ✽.Validate productname in offers page matches with Home page(file:///C:/Users/jeeva/eclipse-workspace/CucumberTestNGRunnerAi/src/test/java/Features/SearchProduct.feature:10)
... Removed 6 stack frames]]>
    </failure>
  </testcase> <!-- runScenario -->
  <testcase classname="io.cucumber.testng.AbstractTestNGCucumberTests" name="runScenario" time="14.886"/>
  <testcase classname="io.cucumber.testng.AbstractTestNGCucumberTests" name="runScenario" time="16.772"/>
</testsuite> <!-- Surefire test -->
